2019-01-13 1:54:10 - PHP Warning:  include_once(C:/wamp/www/occr/system/storage/vendor/scss.inc.php): failed to open stream: No such file or directory in C:\wamp\www\occr\admin\controller\startup\sass.php on line 7
2019-01-13 1:54:10 - PHP Warning:  include_once(): Failed opening 'C:/wamp/www/occr/system/storage/vendor/scss.inc.php' for inclusion (include_path='.;C:\php\pear') in C:\wamp\www\occr\admin\controller\startup\sass.php on line 7
2019-01-13 1:54:19 - PHP Warning:  include_once(C:/wamp/www/occr/system/storage/vendor/scss.inc.php): failed to open stream: No such file or directory in C:\wamp\www\occr\admin\controller\startup\sass.php on line 7
2019-01-13 1:54:19 - PHP Warning:  include_once(): Failed opening 'C:/wamp/www/occr/system/storage/vendor/scss.inc.php' for inclusion (include_path='.;C:\php\pear') in C:\wamp\www\occr\admin\controller\startup\sass.php on line 7
2019-01-13 1:55:53 - PHP Warning:  include_once(C:/wamp/www/occr/system/storage/vendor/scss.inc.php): failed to open stream: No such file or directory in C:\wamp\www\occr\admin\controller\startup\sass.php on line 7
2019-01-13 1:55:53 - PHP Warning:  include_once(): Failed opening 'C:/wamp/www/occr/system/storage/vendor/scss.inc.php' for inclusion (include_path='.;C:\php\pear') in C:\wamp\www\occr\admin\controller\startup\sass.php on line 7
2019-01-13 13:43:17 - PHP Warning:  curl_init() has been disabled for security reasons in /profiles/b/be/bes/bestseller2018/bubbleboom.zzz.com.ua/system/storage/modification/admin/model/localisation/currency.php on line 172
2019-01-13 13:43:17 - PHP Warning:  curl_setopt() has been disabled for security reasons in /profiles/b/be/bes/bestseller2018/bubbleboom.zzz.com.ua/system/storage/modification/admin/model/localisation/currency.php on line 173
2019-01-13 13:43:17 - PHP Warning:  curl_setopt() has been disabled for security reasons in /profiles/b/be/bes/bestseller2018/bubbleboom.zzz.com.ua/system/storage/modification/admin/model/localisation/currency.php on line 174
2019-01-13 13:43:17 - PHP Warning:  curl_setopt() has been disabled for security reasons in /profiles/b/be/bes/bestseller2018/bubbleboom.zzz.com.ua/system/storage/modification/admin/model/localisation/currency.php on line 175
2019-01-13 13:43:17 - PHP Warning:  curl_setopt() has been disabled for security reasons in /profiles/b/be/bes/bestseller2018/bubbleboom.zzz.com.ua/system/storage/modification/admin/model/localisation/currency.php on line 176
2019-01-13 13:43:17 - PHP Warning:  curl_setopt() has been disabled for security reasons in /profiles/b/be/bes/bestseller2018/bubbleboom.zzz.com.ua/system/storage/modification/admin/model/localisation/currency.php on line 177
2019-01-13 13:43:17 - PHP Warning:  curl_exec() has been disabled for security reasons in /profiles/b/be/bes/bestseller2018/bubbleboom.zzz.com.ua/system/storage/modification/admin/model/localisation/currency.php on line 178
2019-01-13 13:43:17 - PHP Warning:  curl_close() has been disabled for security reasons in /profiles/b/be/bes/bestseller2018/bubbleboom.zzz.com.ua/system/storage/modification/admin/model/localisation/currency.php on line 179
2019-01-14 16:57:37 - Export/Import: Missing category_ids in worksheet 'Categories'!
2019-01-14 16:57:37 - Export/Import: Worksheet 'CategorySEOKeywords' cannot use category_id '17' because it is not listed in worksheet 'Categories'!
2019-01-14 16:57:37 - Export/Import: Worksheet 'CategorySEOKeywords' cannot use category_id '18' because it is not listed in worksheet 'Categories'!
2019-01-14 16:57:37 - Export/Import: Worksheet 'CategorySEOKeywords' cannot use category_id '20' because it is not listed in worksheet 'Categories'!
2019-01-14 16:57:37 - Export/Import: Worksheet 'CategorySEOKeywords' cannot use category_id '24' because it is not listed in worksheet 'Categories'!
2019-01-14 16:57:37 - Export/Import: Worksheet 'CategorySEOKeywords' cannot use category_id '25' because it is not listed in worksheet 'Categories'!
2019-01-14 16:57:37 - Export/Import: Worksheet 'CategorySEOKeywords' cannot use category_id '26' because it is not listed in worksheet 'Categories'!
2019-01-14 16:57:37 - Export/Import: Worksheet 'CategorySEOKeywords' cannot use category_id '27' because it is not listed in worksheet 'Categories'!
2019-01-14 16:57:37 - Export/Import: Worksheet 'CategorySEOKeywords' cannot use category_id '28' because it is not listed in worksheet 'Categories'!
2019-01-14 16:57:37 - Export/Import: Worksheet 'CategorySEOKeywords' cannot use category_id '29' because it is not listed in worksheet 'Categories'!
2019-01-14 16:57:37 - Export/Import: Worksheet 'CategorySEOKeywords' cannot use category_id '30' because it is not listed in worksheet 'Categories'!
2019-01-14 16:57:37 - Export/Import: Worksheet 'CategorySEOKeywords' cannot use category_id '31' because it is not listed in worksheet 'Categories'!
2019-01-14 16:57:37 - Export/Import: Worksheet 'CategorySEOKeywords' cannot use category_id '32' because it is not listed in worksheet 'Categories'!
2019-01-14 16:57:37 - Export/Import: Worksheet 'CategorySEOKeywords' cannot use category_id '33' because it is not listed in worksheet 'Categories'!
2019-01-14 16:57:37 - Export/Import: Worksheet 'CategorySEOKeywords' cannot use category_id '34' because it is not listed in worksheet 'Categories'!
2019-01-14 16:57:37 - Export/Import: Worksheet 'CategorySEOKeywords' cannot use category_id '35' because it is not listed in worksheet 'Categories'!
2019-01-14 16:57:37 - Export/Import: Worksheet 'CategorySEOKeywords' cannot use category_id '36' because it is not listed in worksheet 'Categories'!
2019-01-14 16:57:37 - Export/Import: Worksheet 'CategorySEOKeywords' cannot use category_id '37' because it is not listed in worksheet 'Categories'!
2019-01-14 16:57:37 - Export/Import: Worksheet 'CategorySEOKeywords' cannot use category_id '38' because it is not listed in worksheet 'Categories'!
2019-01-14 16:57:37 - Export/Import: Worksheet 'CategorySEOKeywords' cannot use category_id '39' because it is not listed in worksheet 'Categories'!
2019-01-14 16:57:37 - Export/Import: Worksheet 'CategorySEOKeywords' cannot use category_id '40' because it is not listed in worksheet 'Categories'!
2019-01-14 16:57:37 - Export/Import: Worksheet 'CategorySEOKeywords' cannot use category_id '41' because it is not listed in worksheet 'Categories'!
2019-01-14 16:57:37 - Export/Import: Worksheet 'CategorySEOKeywords' cannot use category_id '42' because it is not listed in worksheet 'Categories'!
2019-01-14 16:57:37 - Export/Import: Worksheet 'CategorySEOKeywords' cannot use category_id '43' because it is not listed in worksheet 'Categories'!
2019-01-14 16:57:37 - Export/Import: Worksheet 'CategorySEOKeywords' cannot use category_id '44' because it is not listed in worksheet 'Categories'!
2019-01-14 16:57:37 - Export/Import: Worksheet 'CategorySEOKeywords' cannot use category_id '45' because it is not listed in worksheet 'Categories'!
2019-01-14 16:57:37 - Export/Import: Worksheet 'CategorySEOKeywords' cannot use category_id '46' because it is not listed in worksheet 'Categories'!
2019-01-14 16:57:37 - Export/Import: Worksheet 'CategorySEOKeywords' cannot use category_id '47' because it is not listed in worksheet 'Categories'!
2019-01-14 16:57:37 - Export/Import: Worksheet 'CategorySEOKeywords' cannot use category_id '48' because it is not listed in worksheet 'Categories'!
2019-01-14 16:57:37 - Export/Import: Worksheet 'CategorySEOKeywords' cannot use category_id '49' because it is not listed in worksheet 'Categories'!
2019-01-14 16:57:37 - Export/Import: Worksheet 'CategorySEOKeywords' cannot use category_id '50' because it is not listed in worksheet 'Categories'!
2019-01-14 16:57:37 - Export/Import: Worksheet 'CategorySEOKeywords' cannot use category_id '51' because it is not listed in worksheet 'Categories'!
2019-01-14 16:57:37 - Export/Import: Worksheet 'CategorySEOKeywords' cannot use category_id '52' because it is not listed in worksheet 'Categories'!
2019-01-14 16:57:37 - Export/Import: Worksheet 'CategorySEOKeywords' cannot use category_id '53' because it is not listed in worksheet 'Categories'!
2019-01-14 16:57:37 - Export/Import: Worksheet 'CategorySEOKeywords' cannot use category_id '54' because it is not listed in worksheet 'Categories'!
2019-01-14 16:57:37 - Export/Import: Worksheet 'CategorySEOKeywords' cannot use category_id '55' because it is not listed in worksheet 'Categories'!
2019-01-14 16:57:37 - Export/Import: Worksheet 'CategorySEOKeywords' cannot use category_id '56' because it is not listed in worksheet 'Categories'!
2019-01-14 16:57:37 - Export/Import: Worksheet 'CategorySEOKeywords' cannot use category_id '57' because it is not listed in worksheet 'Categories'!
2019-01-14 16:57:37 - Export/Import: Worksheet 'CategorySEOKeywords' cannot use category_id '58' because it is not listed in worksheet 'Categories'!
2019-01-14 16:57:37 - PHP Unknown:  The Twig_Autoloader class is deprecated since version 1.21 and will be removed in 2.0. Use Composer instead. in C:\wamp\www\occr\system\library\template\Twig\Autoloader.php on line 12
2019-01-14 16:57:37 - PHP Unknown:  Using Twig_Autoloader is deprecated since version 1.21. Use Composer instead. in C:\wamp\www\occr\system\library\template\Twig\Autoloader.php on line 30
2019-01-14 16:57:37 - PHP Unknown:  Using Twig_Autoloader is deprecated since version 1.21. Use Composer instead. in C:\wamp\www\occr\system\library\template\Twig\Autoloader.php on line 30
2019-01-14 16:57:37 - PHP Unknown:  Using Twig_Autoloader is deprecated since version 1.21. Use Composer instead. in C:\wamp\www\occr\system\library\template\Twig\Autoloader.php on line 30
2019-01-14 16:57:37 - PHP Unknown:  Using Twig_Autoloader is deprecated since version 1.21. Use Composer instead. in C:\wamp\www\occr\system\library\template\Twig\Autoloader.php on line 30
2019-01-14 16:59:46 - Export/Import: Missing category_ids in worksheet 'Categories'!
2019-01-14 16:59:46 - Export/Import: Missing category_ids in worksheet 'CategorySEOKeywords'!
2019-01-14 16:59:46 - Export/Import: Invalid store_id='' used in worksheet 'CategorySEOKeywords'!
2019-01-14 16:59:46 - Export/Import: Invalid store_id='' used in worksheet 'CategorySEOKeywords'!
2019-01-14 16:59:46 - Export/Import: Invalid store_id='' used in worksheet 'CategorySEOKeywords'!
2019-01-14 16:59:46 - Export/Import: Invalid store_id='' used in worksheet 'CategorySEOKeywords'!
2019-01-14 16:59:46 - Export/Import: Invalid store_id='' used in worksheet 'CategorySEOKeywords'!
2019-01-14 16:59:46 - Export/Import: Invalid store_id='' used in worksheet 'CategorySEOKeywords'!
2019-01-14 16:59:46 - Export/Import: Invalid store_id='' used in worksheet 'CategorySEOKeywords'!
2019-01-14 16:59:46 - Export/Import: Invalid store_id='' used in worksheet 'CategorySEOKeywords'!
2019-01-14 16:59:46 - Export/Import: Invalid store_id='' used in worksheet 'CategorySEOKeywords'!
2019-01-14 16:59:46 - Export/Import: Invalid store_id='' used in worksheet 'CategorySEOKeywords'!
2019-01-14 16:59:46 - Export/Import: Invalid store_id='' used in worksheet 'CategorySEOKeywords'!
2019-01-14 16:59:46 - Export/Import: Invalid store_id='' used in worksheet 'CategorySEOKeywords'!
2019-01-14 16:59:46 - Export/Import: Invalid store_id='' used in worksheet 'CategorySEOKeywords'!
2019-01-14 16:59:46 - Export/Import: Invalid store_id='' used in worksheet 'CategorySEOKeywords'!
2019-01-14 16:59:46 - Export/Import: Invalid store_id='' used in worksheet 'CategorySEOKeywords'!
2019-01-14 16:59:46 - Export/Import: Invalid store_id='' used in worksheet 'CategorySEOKeywords'!
2019-01-14 16:59:46 - Export/Import: Invalid store_id='' used in worksheet 'CategorySEOKeywords'!
2019-01-14 16:59:46 - Export/Import: Invalid store_id='' used in worksheet 'CategorySEOKeywords'!
2019-01-14 16:59:46 - Export/Import: Invalid store_id='' used in worksheet 'CategorySEOKeywords'!
2019-01-14 16:59:46 - Export/Import: Invalid store_id='' used in worksheet 'CategorySEOKeywords'!
2019-01-14 16:59:46 - Export/Import: Invalid store_id='' used in worksheet 'CategorySEOKeywords'!
2019-01-14 16:59:46 - Export/Import: Invalid store_id='' used in worksheet 'CategorySEOKeywords'!
2019-01-14 16:59:46 - Export/Import: Invalid store_id='' used in worksheet 'CategorySEOKeywords'!
2019-01-14 16:59:46 - Export/Import: Invalid store_id='' used in worksheet 'CategorySEOKeywords'!
2019-01-14 16:59:46 - Export/Import: Invalid store_id='' used in worksheet 'CategorySEOKeywords'!
2019-01-14 16:59:46 - Export/Import: Invalid store_id='' used in worksheet 'CategorySEOKeywords'!
2019-01-14 16:59:46 - PHP Unknown:  The Twig_Autoloader class is deprecated since version 1.21 and will be removed in 2.0. Use Composer instead. in C:\wamp\www\occr\system\library\template\Twig\Autoloader.php on line 12
2019-01-14 16:59:46 - PHP Unknown:  Using Twig_Autoloader is deprecated since version 1.21. Use Composer instead. in C:\wamp\www\occr\system\library\template\Twig\Autoloader.php on line 30
2019-01-14 16:59:46 - PHP Unknown:  Using Twig_Autoloader is deprecated since version 1.21. Use Composer instead. in C:\wamp\www\occr\system\library\template\Twig\Autoloader.php on line 30
2019-01-14 16:59:46 - PHP Unknown:  Using Twig_Autoloader is deprecated since version 1.21. Use Composer instead. in C:\wamp\www\occr\system\library\template\Twig\Autoloader.php on line 30
2019-01-14 16:59:46 - PHP Unknown:  Using Twig_Autoloader is deprecated since version 1.21. Use Composer instead. in C:\wamp\www\occr\system\library\template\Twig\Autoloader.php on line 30
2019-01-14 17:26:15 - Export/Import: Worksheet 'Categories' uses category_id '200000' in the wrong order. Ascending order expected!
2019-01-14 17:26:15 - Export/Import: Missing category_ids in worksheet 'Categories'!
2019-01-14 17:26:15 - Export/Import: Worksheet 'CategorySEOKeywords' uses category_id '200000' in the wrong order. Ascending order expected!
2019-01-14 17:26:15 - Export/Import: Missing category_ids in worksheet 'CategorySEOKeywords'!
2019-01-14 17:26:15 - Export/Import: Invalid store_id='' used in worksheet 'CategorySEOKeywords'!
2019-01-14 17:26:15 - Export/Import: Invalid store_id='' used in worksheet 'CategorySEOKeywords'!
2019-01-14 17:26:15 - Export/Import: Invalid store_id='' used in worksheet 'CategorySEOKeywords'!
2019-01-14 17:26:15 - Export/Import: Invalid store_id='' used in worksheet 'CategorySEOKeywords'!
2019-01-14 17:26:15 - Export/Import: Invalid store_id='' used in worksheet 'CategorySEOKeywords'!
2019-01-14 17:26:15 - Export/Import: Invalid store_id='' used in worksheet 'CategorySEOKeywords'!
2019-01-14 17:26:15 - Export/Import: Invalid store_id='' used in worksheet 'CategorySEOKeywords'!
2019-01-14 17:26:15 - Export/Import: Invalid store_id='' used in worksheet 'CategorySEOKeywords'!
2019-01-14 17:26:15 - Export/Import: Invalid store_id='' used in worksheet 'CategorySEOKeywords'!
2019-01-14 17:26:15 - Export/Import: Invalid store_id='' used in worksheet 'CategorySEOKeywords'!
2019-01-14 17:26:15 - Export/Import: Invalid store_id='' used in worksheet 'CategorySEOKeywords'!
2019-01-14 17:26:15 - Export/Import: Invalid store_id='' used in worksheet 'CategorySEOKeywords'!
2019-01-14 17:26:15 - Export/Import: Invalid store_id='' used in worksheet 'CategorySEOKeywords'!
2019-01-14 17:26:15 - Export/Import: Invalid store_id='' used in worksheet 'CategorySEOKeywords'!
2019-01-14 17:26:15 - Export/Import: Invalid store_id='' used in worksheet 'CategorySEOKeywords'!
2019-01-14 17:26:15 - Export/Import: Invalid store_id='' used in worksheet 'CategorySEOKeywords'!
2019-01-14 17:26:15 - Export/Import: Invalid store_id='' used in worksheet 'CategorySEOKeywords'!
2019-01-14 17:26:15 - Export/Import: Invalid store_id='' used in worksheet 'CategorySEOKeywords'!
2019-01-14 17:26:15 - Export/Import: Invalid store_id='' used in worksheet 'CategorySEOKeywords'!
2019-01-14 17:26:15 - Export/Import: Invalid store_id='' used in worksheet 'CategorySEOKeywords'!
2019-01-14 17:26:15 - Export/Import: Invalid store_id='' used in worksheet 'CategorySEOKeywords'!
2019-01-14 17:26:15 - Export/Import: Invalid store_id='' used in worksheet 'CategorySEOKeywords'!
2019-01-14 17:26:15 - Export/Import: Invalid store_id='' used in worksheet 'CategorySEOKeywords'!
2019-01-14 17:26:15 - Export/Import: Invalid store_id='' used in worksheet 'CategorySEOKeywords'!
2019-01-14 17:26:15 - Export/Import: Invalid store_id='' used in worksheet 'CategorySEOKeywords'!
2019-01-14 17:26:15 - Export/Import: Invalid store_id='' used in worksheet 'CategorySEOKeywords'!
2019-01-14 17:26:15 - PHP Unknown:  The Twig_Autoloader class is deprecated since version 1.21 and will be removed in 2.0. Use Composer instead. in C:\wamp\www\occr\system\library\template\Twig\Autoloader.php on line 12
2019-01-14 17:26:15 - PHP Unknown:  Using Twig_Autoloader is deprecated since version 1.21. Use Composer instead. in C:\wamp\www\occr\system\library\template\Twig\Autoloader.php on line 30
2019-01-14 17:26:15 - PHP Unknown:  Using Twig_Autoloader is deprecated since version 1.21. Use Composer instead. in C:\wamp\www\occr\system\library\template\Twig\Autoloader.php on line 30
2019-01-14 17:26:15 - PHP Unknown:  Using Twig_Autoloader is deprecated since version 1.21. Use Composer instead. in C:\wamp\www\occr\system\library\template\Twig\Autoloader.php on line 30
2019-01-14 17:26:15 - PHP Unknown:  Using Twig_Autoloader is deprecated since version 1.21. Use Composer instead. in C:\wamp\www\occr\system\library\template\Twig\Autoloader.php on line 30
2019-01-15 10:38:29 - Export/Import: Worksheet 'Categories' uses category_id '200000' in the wrong order. Ascending order expected!
2019-01-15 10:38:29 - Export/Import: Missing category_ids in worksheet 'Categories'!
2019-01-15 10:38:29 - Export/Import: Worksheet 'CategorySEOKeywords' uses category_id '200000' in the wrong order. Ascending order expected!
2019-01-15 10:38:29 - Export/Import: Missing category_ids in worksheet 'CategorySEOKeywords'!
2019-01-15 10:38:29 - Export/Import: Invalid store_id='' used in worksheet 'CategorySEOKeywords'!
2019-01-15 10:38:29 - Export/Import: Invalid store_id='' used in worksheet 'CategorySEOKeywords'!
2019-01-15 10:38:29 - Export/Import: Invalid store_id='' used in worksheet 'CategorySEOKeywords'!
2019-01-15 10:38:29 - Export/Import: Invalid store_id='' used in worksheet 'CategorySEOKeywords'!
2019-01-15 10:38:29 - Export/Import: Invalid store_id='' used in worksheet 'CategorySEOKeywords'!
2019-01-15 10:38:29 - Export/Import: Invalid store_id='' used in worksheet 'CategorySEOKeywords'!
2019-01-15 10:38:29 - Export/Import: Invalid store_id='' used in worksheet 'CategorySEOKeywords'!
2019-01-15 10:38:29 - Export/Import: Invalid store_id='' used in worksheet 'CategorySEOKeywords'!
2019-01-15 10:38:29 - Export/Import: Invalid store_id='' used in worksheet 'CategorySEOKeywords'!
2019-01-15 10:38:29 - Export/Import: Invalid store_id='' used in worksheet 'CategorySEOKeywords'!
2019-01-15 10:38:29 - Export/Import: Invalid store_id='' used in worksheet 'CategorySEOKeywords'!
2019-01-15 10:38:29 - Export/Import: Invalid store_id='' used in worksheet 'CategorySEOKeywords'!
2019-01-15 10:38:29 - Export/Import: Invalid store_id='' used in worksheet 'CategorySEOKeywords'!
2019-01-15 10:38:29 - Export/Import: Invalid store_id='' used in worksheet 'CategorySEOKeywords'!
2019-01-15 10:38:29 - Export/Import: Invalid store_id='' used in worksheet 'CategorySEOKeywords'!
2019-01-15 10:38:29 - Export/Import: Invalid store_id='' used in worksheet 'CategorySEOKeywords'!
2019-01-15 10:38:29 - Export/Import: Invalid store_id='' used in worksheet 'CategorySEOKeywords'!
2019-01-15 10:38:29 - Export/Import: Invalid store_id='' used in worksheet 'CategorySEOKeywords'!
2019-01-15 10:38:29 - Export/Import: Invalid store_id='' used in worksheet 'CategorySEOKeywords'!
2019-01-15 10:38:29 - Export/Import: Invalid store_id='' used in worksheet 'CategorySEOKeywords'!
2019-01-15 10:38:29 - Export/Import: Invalid store_id='' used in worksheet 'CategorySEOKeywords'!
2019-01-15 10:38:29 - Export/Import: Invalid store_id='' used in worksheet 'CategorySEOKeywords'!
2019-01-15 10:38:29 - Export/Import: Invalid store_id='' used in worksheet 'CategorySEOKeywords'!
2019-01-15 10:38:29 - Export/Import: Invalid store_id='' used in worksheet 'CategorySEOKeywords'!
2019-01-15 10:38:29 - Export/Import: Invalid store_id='' used in worksheet 'CategorySEOKeywords'!
2019-01-15 10:38:29 - Export/Import: Invalid store_id='' used in worksheet 'CategorySEOKeywords'!
2019-01-15 10:38:29 - PHP Unknown:  The Twig_Autoloader class is deprecated since version 1.21 and will be removed in 2.0. Use Composer instead. in C:\wamp\www\occr\system\library\template\Twig\Autoloader.php on line 12
2019-01-15 10:38:29 - PHP Unknown:  Using Twig_Autoloader is deprecated since version 1.21. Use Composer instead. in C:\wamp\www\occr\system\library\template\Twig\Autoloader.php on line 30
2019-01-15 10:38:29 - PHP Unknown:  Using Twig_Autoloader is deprecated since version 1.21. Use Composer instead. in C:\wamp\www\occr\system\library\template\Twig\Autoloader.php on line 30
2019-01-15 10:38:29 - PHP Unknown:  Using Twig_Autoloader is deprecated since version 1.21. Use Composer instead. in C:\wamp\www\occr\system\library\template\Twig\Autoloader.php on line 30
2019-01-15 10:38:29 - PHP Unknown:  Using Twig_Autoloader is deprecated since version 1.21. Use Composer instead. in C:\wamp\www\occr\system\library\template\Twig\Autoloader.php on line 30
2019-01-15 10:42:20 - Export/Import: Missing category_ids in worksheet 'Categories'!
2019-01-15 10:42:20 - Export/Import: Missing category_ids in worksheet 'CategorySEOKeywords'!
2019-01-15 10:42:20 - Export/Import: Invalid store_id='' used in worksheet 'CategorySEOKeywords'!
2019-01-15 10:42:20 - Export/Import: Invalid store_id='' used in worksheet 'CategorySEOKeywords'!
2019-01-15 10:42:20 - Export/Import: Invalid store_id='' used in worksheet 'CategorySEOKeywords'!
2019-01-15 10:42:20 - Export/Import: Invalid store_id='' used in worksheet 'CategorySEOKeywords'!
2019-01-15 10:42:20 - Export/Import: Invalid store_id='' used in worksheet 'CategorySEOKeywords'!
2019-01-15 10:42:20 - Export/Import: Invalid store_id='' used in worksheet 'CategorySEOKeywords'!
2019-01-15 10:42:20 - Export/Import: Invalid store_id='' used in worksheet 'CategorySEOKeywords'!
2019-01-15 10:42:20 - Export/Import: Invalid store_id='' used in worksheet 'CategorySEOKeywords'!
2019-01-15 10:42:20 - Export/Import: Invalid store_id='' used in worksheet 'CategorySEOKeywords'!
2019-01-15 10:42:20 - Export/Import: Invalid store_id='' used in worksheet 'CategorySEOKeywords'!
2019-01-15 10:42:20 - Export/Import: Invalid store_id='' used in worksheet 'CategorySEOKeywords'!
2019-01-15 10:42:20 - Export/Import: Invalid store_id='' used in worksheet 'CategorySEOKeywords'!
2019-01-15 10:42:20 - Export/Import: Invalid store_id='' used in worksheet 'CategorySEOKeywords'!
2019-01-15 10:42:20 - Export/Import: Invalid store_id='' used in worksheet 'CategorySEOKeywords'!
2019-01-15 10:42:20 - Export/Import: Invalid store_id='' used in worksheet 'CategorySEOKeywords'!
2019-01-15 10:42:20 - Export/Import: Invalid store_id='' used in worksheet 'CategorySEOKeywords'!
2019-01-15 10:42:20 - Export/Import: Invalid store_id='' used in worksheet 'CategorySEOKeywords'!
2019-01-15 10:42:20 - Export/Import: Invalid store_id='' used in worksheet 'CategorySEOKeywords'!
2019-01-15 10:42:20 - Export/Import: Invalid store_id='' used in worksheet 'CategorySEOKeywords'!
2019-01-15 10:42:20 - Export/Import: Invalid store_id='' used in worksheet 'CategorySEOKeywords'!
2019-01-15 10:42:20 - Export/Import: Invalid store_id='' used in worksheet 'CategorySEOKeywords'!
2019-01-15 10:42:20 - Export/Import: Invalid store_id='' used in worksheet 'CategorySEOKeywords'!
2019-01-15 10:42:20 - Export/Import: Invalid store_id='' used in worksheet 'CategorySEOKeywords'!
2019-01-15 10:42:20 - Export/Import: Invalid store_id='' used in worksheet 'CategorySEOKeywords'!
2019-01-15 10:42:20 - Export/Import: Invalid store_id='' used in worksheet 'CategorySEOKeywords'!
2019-01-15 10:42:20 - Export/Import: Invalid store_id='' used in worksheet 'CategorySEOKeywords'!
2019-01-15 10:42:20 - Export/Import: Invalid store_id='' used in worksheet 'CategorySEOKeywords'!
2019-01-15 10:42:20 - Export/Import: Invalid store_id='' used in worksheet 'CategorySEOKeywords'!
2019-01-15 10:42:20 - Export/Import: Invalid store_id='' used in worksheet 'CategorySEOKeywords'!
2019-01-15 10:42:20 - Export/Import: Invalid store_id='' used in worksheet 'CategorySEOKeywords'!
2019-01-15 10:42:20 - Export/Import: Invalid store_id='' used in worksheet 'CategorySEOKeywords'!
2019-01-15 10:42:20 - Export/Import: Invalid store_id='' used in worksheet 'CategorySEOKeywords'!
2019-01-15 10:42:20 - Export/Import: Invalid store_id='' used in worksheet 'CategorySEOKeywords'!
2019-01-15 10:42:20 - Export/Import: Invalid store_id='' used in worksheet 'CategorySEOKeywords'!
2019-01-15 10:42:20 - Export/Import: Invalid store_id='' used in worksheet 'CategorySEOKeywords'!
2019-01-15 10:42:20 - Export/Import: Invalid store_id='' used in worksheet 'CategorySEOKeywords'!
2019-01-15 10:42:20 - Export/Import: Invalid store_id='' used in worksheet 'CategorySEOKeywords'!
2019-01-15 10:42:20 - Export/Import: Invalid store_id='' used in worksheet 'CategorySEOKeywords'!
2019-01-15 10:42:20 - PHP Unknown:  The Twig_Autoloader class is deprecated since version 1.21 and will be removed in 2.0. Use Composer instead. in C:\wamp\www\occr\system\library\template\Twig\Autoloader.php on line 12
2019-01-15 10:42:20 - PHP Unknown:  Using Twig_Autoloader is deprecated since version 1.21. Use Composer instead. in C:\wamp\www\occr\system\library\template\Twig\Autoloader.php on line 30
2019-01-15 10:42:20 - PHP Unknown:  Using Twig_Autoloader is deprecated since version 1.21. Use Composer instead. in C:\wamp\www\occr\system\library\template\Twig\Autoloader.php on line 30
2019-01-15 10:42:20 - PHP Unknown:  Using Twig_Autoloader is deprecated since version 1.21. Use Composer instead. in C:\wamp\www\occr\system\library\template\Twig\Autoloader.php on line 30
2019-01-15 10:42:20 - PHP Unknown:  Using Twig_Autoloader is deprecated since version 1.21. Use Composer instead. in C:\wamp\www\occr\system\library\template\Twig\Autoloader.php on line 30
2019-01-15 10:46:52 - Export/Import: Missing category_ids in worksheet 'Categories'!
2019-01-15 10:46:52 - Export/Import: Missing category_ids in worksheet 'CategorySEOKeywords'!
2019-01-15 10:46:52 - Export/Import: Invalid store_id='' used in worksheet 'CategorySEOKeywords'!
2019-01-15 10:46:52 - Export/Import: Invalid store_id='' used in worksheet 'CategorySEOKeywords'!
2019-01-15 10:46:52 - Export/Import: Invalid store_id='' used in worksheet 'CategorySEOKeywords'!
2019-01-15 10:46:52 - Export/Import: Invalid store_id='' used in worksheet 'CategorySEOKeywords'!
2019-01-15 10:46:52 - Export/Import: Invalid store_id='' used in worksheet 'CategorySEOKeywords'!
2019-01-15 10:46:52 - Export/Import: Invalid store_id='' used in worksheet 'CategorySEOKeywords'!
2019-01-15 10:46:52 - Export/Import: Invalid store_id='' used in worksheet 'CategorySEOKeywords'!
2019-01-15 10:46:52 - Export/Import: Invalid store_id='' used in worksheet 'CategorySEOKeywords'!
2019-01-15 10:46:52 - Export/Import: Invalid store_id='' used in worksheet 'CategorySEOKeywords'!
2019-01-15 10:46:52 - Export/Import: Invalid store_id='' used in worksheet 'CategorySEOKeywords'!
2019-01-15 10:46:52 - Export/Import: Invalid store_id='' used in worksheet 'CategorySEOKeywords'!
2019-01-15 10:46:52 - Export/Import: Invalid store_id='' used in worksheet 'CategorySEOKeywords'!
2019-01-15 10:46:52 - Export/Import: Invalid store_id='' used in worksheet 'CategorySEOKeywords'!
2019-01-15 10:46:52 - Export/Import: Invalid store_id='' used in worksheet 'CategorySEOKeywords'!
2019-01-15 10:46:52 - Export/Import: Invalid store_id='' used in worksheet 'CategorySEOKeywords'!
2019-01-15 10:46:52 - Export/Import: Invalid store_id='' used in worksheet 'CategorySEOKeywords'!
2019-01-15 10:46:52 - Export/Import: Invalid store_id='' used in worksheet 'CategorySEOKeywords'!
2019-01-15 10:46:52 - Export/Import: Invalid store_id='' used in worksheet 'CategorySEOKeywords'!
2019-01-15 10:46:52 - Export/Import: Invalid store_id='' used in worksheet 'CategorySEOKeywords'!
2019-01-15 10:46:52 - Export/Import: Invalid store_id='' used in worksheet 'CategorySEOKeywords'!
2019-01-15 10:46:52 - Export/Import: Invalid store_id='' used in worksheet 'CategorySEOKeywords'!
2019-01-15 10:46:52 - Export/Import: Invalid store_id='' used in worksheet 'CategorySEOKeywords'!
2019-01-15 10:46:52 - Export/Import: Invalid store_id='' used in worksheet 'CategorySEOKeywords'!
2019-01-15 10:46:52 - Export/Import: Invalid store_id='' used in worksheet 'CategorySEOKeywords'!
2019-01-15 10:46:52 - Export/Import: Invalid store_id='' used in worksheet 'CategorySEOKeywords'!
2019-01-15 10:46:52 - Export/Import: Invalid store_id='' used in worksheet 'CategorySEOKeywords'!
2019-01-15 10:46:52 - Export/Import: Invalid store_id='' used in worksheet 'CategorySEOKeywords'!
2019-01-15 10:46:52 - Export/Import: Invalid store_id='' used in worksheet 'CategorySEOKeywords'!
2019-01-15 10:46:52 - Export/Import: Invalid store_id='' used in worksheet 'CategorySEOKeywords'!
2019-01-15 10:46:52 - Export/Import: Invalid store_id='' used in worksheet 'CategorySEOKeywords'!
2019-01-15 10:46:52 - Export/Import: Invalid store_id='' used in worksheet 'CategorySEOKeywords'!
2019-01-15 10:46:52 - Export/Import: Invalid store_id='' used in worksheet 'CategorySEOKeywords'!
2019-01-15 10:46:52 - Export/Import: Invalid store_id='' used in worksheet 'CategorySEOKeywords'!
2019-01-15 10:46:52 - Export/Import: Invalid store_id='' used in worksheet 'CategorySEOKeywords'!
2019-01-15 10:46:52 - Export/Import: Invalid store_id='' used in worksheet 'CategorySEOKeywords'!
2019-01-15 10:46:52 - Export/Import: Invalid store_id='' used in worksheet 'CategorySEOKeywords'!
2019-01-15 10:46:52 - Export/Import: Invalid store_id='' used in worksheet 'CategorySEOKeywords'!
2019-01-15 10:46:52 - Export/Import: Invalid store_id='' used in worksheet 'CategorySEOKeywords'!
2019-01-15 10:46:52 - PHP Unknown:  The Twig_Autoloader class is deprecated since version 1.21 and will be removed in 2.0. Use Composer instead. in C:\wamp\www\occr\system\library\template\Twig\Autoloader.php on line 12
2019-01-15 10:46:52 - PHP Unknown:  Using Twig_Autoloader is deprecated since version 1.21. Use Composer instead. in C:\wamp\www\occr\system\library\template\Twig\Autoloader.php on line 30
2019-01-15 10:46:52 - PHP Unknown:  Using Twig_Autoloader is deprecated since version 1.21. Use Composer instead. in C:\wamp\www\occr\system\library\template\Twig\Autoloader.php on line 30
2019-01-15 10:46:52 - PHP Unknown:  Using Twig_Autoloader is deprecated since version 1.21. Use Composer instead. in C:\wamp\www\occr\system\library\template\Twig\Autoloader.php on line 30
2019-01-15 10:46:52 - PHP Unknown:  Using Twig_Autoloader is deprecated since version 1.21. Use Composer instead. in C:\wamp\www\occr\system\library\template\Twig\Autoloader.php on line 30
2019-01-15 10:52:04 - Export/Import: Missing category_ids in worksheet 'Categories'!
2019-01-15 10:52:04 - Export/Import: Missing category_ids in worksheet 'CategorySEOKeywords'!
2019-01-15 10:52:04 - Export/Import: Invalid store_id='' used in worksheet 'CategorySEOKeywords'!
2019-01-15 10:52:04 - Export/Import: Invalid store_id='' used in worksheet 'CategorySEOKeywords'!
2019-01-15 10:52:04 - Export/Import: Invalid store_id='' used in worksheet 'CategorySEOKeywords'!
2019-01-15 10:52:04 - Export/Import: Invalid store_id='' used in worksheet 'CategorySEOKeywords'!
2019-01-15 10:52:04 - Export/Import: Invalid store_id='' used in worksheet 'CategorySEOKeywords'!
2019-01-15 10:52:04 - Export/Import: Invalid store_id='' used in worksheet 'CategorySEOKeywords'!
2019-01-15 10:52:04 - Export/Import: Invalid store_id='' used in worksheet 'CategorySEOKeywords'!
2019-01-15 10:52:04 - Export/Import: Invalid store_id='' used in worksheet 'CategorySEOKeywords'!
2019-01-15 10:52:04 - Export/Import: Invalid store_id='' used in worksheet 'CategorySEOKeywords'!
2019-01-15 10:52:04 - Export/Import: Invalid store_id='' used in worksheet 'CategorySEOKeywords'!
2019-01-15 10:52:04 - Export/Import: Invalid store_id='' used in worksheet 'CategorySEOKeywords'!
2019-01-15 10:52:04 - Export/Import: Invalid store_id='' used in worksheet 'CategorySEOKeywords'!
2019-01-15 10:52:04 - Export/Import: Invalid store_id='' used in worksheet 'CategorySEOKeywords'!
2019-01-15 10:52:04 - Export/Import: Invalid store_id='' used in worksheet 'CategorySEOKeywords'!
2019-01-15 10:52:04 - Export/Import: Invalid store_id='' used in worksheet 'CategorySEOKeywords'!
2019-01-15 10:52:04 - Export/Import: Invalid store_id='' used in worksheet 'CategorySEOKeywords'!
2019-01-15 10:52:04 - Export/Import: Invalid store_id='' used in worksheet 'CategorySEOKeywords'!
2019-01-15 10:52:04 - Export/Import: Invalid store_id='' used in worksheet 'CategorySEOKeywords'!
2019-01-15 10:52:04 - Export/Import: Invalid store_id='' used in worksheet 'CategorySEOKeywords'!
2019-01-15 10:52:04 - Export/Import: Invalid store_id='' used in worksheet 'CategorySEOKeywords'!
2019-01-15 10:52:04 - Export/Import: Invalid store_id='' used in worksheet 'CategorySEOKeywords'!
2019-01-15 10:52:04 - Export/Import: Invalid store_id='' used in worksheet 'CategorySEOKeywords'!
2019-01-15 10:52:04 - Export/Import: Invalid store_id='' used in worksheet 'CategorySEOKeywords'!
2019-01-15 10:52:04 - Export/Import: Invalid store_id='' used in worksheet 'CategorySEOKeywords'!
2019-01-15 10:52:04 - Export/Import: Invalid store_id='' used in worksheet 'CategorySEOKeywords'!
2019-01-15 10:52:04 - Export/Import: Invalid store_id='' used in worksheet 'CategorySEOKeywords'!
2019-01-15 10:52:04 - Export/Import: Invalid store_id='' used in worksheet 'CategorySEOKeywords'!
2019-01-15 10:52:04 - Export/Import: Invalid store_id='' used in worksheet 'CategorySEOKeywords'!
2019-01-15 10:52:04 - Export/Import: Invalid store_id='' used in worksheet 'CategorySEOKeywords'!
2019-01-15 10:52:04 - Export/Import: Invalid store_id='' used in worksheet 'CategorySEOKeywords'!
2019-01-15 10:52:04 - Export/Import: Invalid store_id='' used in worksheet 'CategorySEOKeywords'!
2019-01-15 10:52:04 - Export/Import: Invalid store_id='' used in worksheet 'CategorySEOKeywords'!
2019-01-15 10:52:04 - Export/Import: Invalid store_id='' used in worksheet 'CategorySEOKeywords'!
2019-01-15 10:52:04 - Export/Import: Invalid store_id='' used in worksheet 'CategorySEOKeywords'!
2019-01-15 10:52:04 - Export/Import: Invalid store_id='' used in worksheet 'CategorySEOKeywords'!
2019-01-15 10:52:04 - Export/Import: Invalid store_id='' used in worksheet 'CategorySEOKeywords'!
2019-01-15 10:52:04 - Export/Import: Invalid store_id='' used in worksheet 'CategorySEOKeywords'!
2019-01-15 10:52:04 - Export/Import: Invalid store_id='' used in worksheet 'CategorySEOKeywords'!
2019-01-15 10:52:04 - PHP Unknown:  The Twig_Autoloader class is deprecated since version 1.21 and will be removed in 2.0. Use Composer instead. in C:\wamp\www\occr\system\library\template\Twig\Autoloader.php on line 12
2019-01-15 10:52:04 - PHP Unknown:  Using Twig_Autoloader is deprecated since version 1.21. Use Composer instead. in C:\wamp\www\occr\system\library\template\Twig\Autoloader.php on line 30
2019-01-15 10:52:04 - PHP Unknown:  Using Twig_Autoloader is deprecated since version 1.21. Use Composer instead. in C:\wamp\www\occr\system\library\template\Twig\Autoloader.php on line 30
2019-01-15 10:52:04 - PHP Unknown:  Using Twig_Autoloader is deprecated since version 1.21. Use Composer instead. in C:\wamp\www\occr\system\library\template\Twig\Autoloader.php on line 30
2019-01-15 10:52:04 - PHP Unknown:  Using Twig_Autoloader is deprecated since version 1.21. Use Composer instead. in C:\wamp\www\occr\system\library\template\Twig\Autoloader.php on line 30
2019-01-15 10:56:21 - Export/Import: Invalid header in the Products worksheet
2019-01-15 10:56:22 - PHP Unknown:  The Twig_Autoloader class is deprecated since version 1.21 and will be removed in 2.0. Use Composer instead. in C:\wamp\www\occr\system\library\template\Twig\Autoloader.php on line 12
2019-01-15 10:56:22 - PHP Unknown:  Using Twig_Autoloader is deprecated since version 1.21. Use Composer instead. in C:\wamp\www\occr\system\library\template\Twig\Autoloader.php on line 30
2019-01-15 10:56:22 - PHP Unknown:  Using Twig_Autoloader is deprecated since version 1.21. Use Composer instead. in C:\wamp\www\occr\system\library\template\Twig\Autoloader.php on line 30
2019-01-15 10:56:22 - PHP Unknown:  Using Twig_Autoloader is deprecated since version 1.21. Use Composer instead. in C:\wamp\www\occr\system\library\template\Twig\Autoloader.php on line 30
2019-01-15 10:56:22 - PHP Unknown:  Using Twig_Autoloader is deprecated since version 1.21. Use Composer instead. in C:\wamp\www\occr\system\library\template\Twig\Autoloader.php on line 30
2019-01-15 11:05:47 - Export/Import: Invalid header in the Products worksheet
2019-01-15 11:05:47 - PHP Unknown:  The Twig_Autoloader class is deprecated since version 1.21 and will be removed in 2.0. Use Composer instead. in C:\wamp\www\occr\system\library\template\Twig\Autoloader.php on line 12
2019-01-15 11:05:47 - PHP Unknown:  Using Twig_Autoloader is deprecated since version 1.21. Use Composer instead. in C:\wamp\www\occr\system\library\template\Twig\Autoloader.php on line 30
2019-01-15 11:05:47 - PHP Unknown:  Using Twig_Autoloader is deprecated since version 1.21. Use Composer instead. in C:\wamp\www\occr\system\library\template\Twig\Autoloader.php on line 30
2019-01-15 11:05:47 - PHP Unknown:  Using Twig_Autoloader is deprecated since version 1.21. Use Composer instead. in C:\wamp\www\occr\system\library\template\Twig\Autoloader.php on line 30
2019-01-15 11:05:47 - PHP Unknown:  Using Twig_Autoloader is deprecated since version 1.21. Use Composer instead. in C:\wamp\www\occr\system\library\template\Twig\Autoloader.php on line 30
2019-01-15 11:12:09 - Export/Import: Missing product_ids in worksheet 'Specials'!
2019-01-15 11:12:09 - Export/Import: Missing product_ids in worksheet 'Discounts'!
2019-01-15 11:12:09 - Export/Import: Missing product_ids in worksheet 'Rewards'!
2019-01-15 11:12:09 - Export/Import: Missing product_ids in worksheet 'ProductOptions'!
2019-01-15 11:12:09 - Export/Import: Missing product_ids in worksheet 'ProductOptionValues'!
2019-01-15 11:12:09 - Export/Import: Missing product_ids in worksheet 'ProductAttributes'!
2019-01-15 11:12:09 - Export/Import: Missing customer_groups in worksheet 'Specials'!
2019-01-15 11:12:09 - Export/Import: Missing customer_groups in worksheet 'Discounts'!
2019-01-15 11:12:09 - Export/Import: Missing customer_groups in worksheet 'Rewards'!
2019-01-15 11:12:09 - PHP Unknown:  The Twig_Autoloader class is deprecated since version 1.21 and will be removed in 2.0. Use Composer instead. in C:\wamp\www\occr\system\library\template\Twig\Autoloader.php on line 12
2019-01-15 11:12:09 - PHP Unknown:  Using Twig_Autoloader is deprecated since version 1.21. Use Composer instead. in C:\wamp\www\occr\system\library\template\Twig\Autoloader.php on line 30
2019-01-15 11:12:09 - PHP Unknown:  Using Twig_Autoloader is deprecated since version 1.21. Use Composer instead. in C:\wamp\www\occr\system\library\template\Twig\Autoloader.php on line 30
2019-01-15 11:12:09 - PHP Unknown:  Using Twig_Autoloader is deprecated since version 1.21. Use Composer instead. in C:\wamp\www\occr\system\library\template\Twig\Autoloader.php on line 30
2019-01-15 11:12:09 - PHP Unknown:  Using Twig_Autoloader is deprecated since version 1.21. Use Composer instead. in C:\wamp\www\occr\system\library\template\Twig\Autoloader.php on line 30
2019-01-15 11:16:04 - Export/Import: Missing product_ids in worksheet 'ProductAttributes'!
2019-01-15 11:16:04 - PHP Unknown:  The Twig_Autoloader class is deprecated since version 1.21 and will be removed in 2.0. Use Composer instead. in C:\wamp\www\occr\system\library\template\Twig\Autoloader.php on line 12
2019-01-15 11:16:04 - PHP Unknown:  Using Twig_Autoloader is deprecated since version 1.21. Use Composer instead. in C:\wamp\www\occr\system\library\template\Twig\Autoloader.php on line 30
2019-01-15 11:16:04 - PHP Unknown:  Using Twig_Autoloader is deprecated since version 1.21. Use Composer instead. in C:\wamp\www\occr\system\library\template\Twig\Autoloader.php on line 30
2019-01-15 11:16:04 - PHP Unknown:  Using Twig_Autoloader is deprecated since version 1.21. Use Composer instead. in C:\wamp\www\occr\system\library\template\Twig\Autoloader.php on line 30
2019-01-15 11:16:04 - PHP Unknown:  Using Twig_Autoloader is deprecated since version 1.21. Use Composer instead. in C:\wamp\www\occr\system\library\template\Twig\Autoloader.php on line 30
2019-01-15 11:20:24 - Export/Import: Missing product_ids in worksheet 'ProductAttributes'!
2019-01-15 11:20:24 - PHP Unknown:  The Twig_Autoloader class is deprecated since version 1.21 and will be removed in 2.0. Use Composer instead. in C:\wamp\www\occr\system\library\template\Twig\Autoloader.php on line 12
2019-01-15 11:20:24 - PHP Unknown:  Using Twig_Autoloader is deprecated since version 1.21. Use Composer instead. in C:\wamp\www\occr\system\library\template\Twig\Autoloader.php on line 30
2019-01-15 11:20:24 - PHP Unknown:  Using Twig_Autoloader is deprecated since version 1.21. Use Composer instead. in C:\wamp\www\occr\system\library\template\Twig\Autoloader.php on line 30
2019-01-15 11:20:24 - PHP Unknown:  Using Twig_Autoloader is deprecated since version 1.21. Use Composer instead. in C:\wamp\www\occr\system\library\template\Twig\Autoloader.php on line 30
2019-01-15 11:20:24 - PHP Unknown:  Using Twig_Autoloader is deprecated since version 1.21. Use Composer instead. in C:\wamp\www\occr\system\library\template\Twig\Autoloader.php on line 30
2019-01-15 13:14:22 - PHP Warning:  unlink(C:/wamp/www/occr/system/storage/cache/cache.admin.language.1547555695): No such file or directory in C:\wamp\www\occr\system\library\cache\file.php on line 17
2019-01-15 13:14:26 - PHP Warning:  unlink(C:/wamp/www/occr/system/storage/cache/cache.catalog.language.1547561666): Resource temporarily unavailable in C:\wamp\www\occr\system\library\cache\file.php on line 68
2019-01-18 13:27:59 - PHP Notice:  Undefined index: token in C:\wamp\www\occr\admin\controller\extension\module\ocfilter.php on line 102
2019-01-18 13:27:59 - PHP Notice:  Undefined index: token in C:\wamp\www\occr\admin\controller\extension\module\ocfilter.php on line 107
2019-01-18 13:27:59 - PHP Notice:  Undefined index: token in C:\wamp\www\occr\admin\controller\extension\module\ocfilter.php on line 112
2019-01-18 13:27:59 - PHP Notice:  Undefined index: token in C:\wamp\www\occr\admin\controller\extension\module\ocfilter.php on line 115
2019-01-18 13:27:59 - PHP Notice:  Undefined index: token in C:\wamp\www\occr\admin\controller\extension\module\ocfilter.php on line 116
2019-01-18 13:27:59 - PHP Notice:  Undefined index: token in C:\wamp\www\occr\admin\controller\extension\module\ocfilter.php on line 117
2019-01-18 13:27:59 - PHP Notice:  Undefined index: token in C:\wamp\www\occr\admin\controller\extension\module\ocfilter.php on line 119
2019-01-18 14:20:45 - Export/Import: Undefined attribute_name 'Clockspeed' for attribute_group_name 'Processor' used in worksheet 'ProductAttributes'!
2019-01-18 14:20:45 - Export/Import: Undefined attribute_name 'test 1' for attribute_group_name 'Memory' used in worksheet 'ProductAttributes'!
2019-01-18 14:20:45 - Export/Import: Undefined attribute_name 'No. of Cores' for attribute_group_name 'Processor' used in worksheet 'ProductAttributes'!
2019-01-18 14:20:45 - Export/Import: Undefined attribute_name 'test 1' for attribute_group_name 'Memory' used in worksheet 'ProductAttributes'!
2019-01-18 14:20:45 - Export/Import: Undefined attribute_name 'No. of Cores' for attribute_group_name 'Processor' used in worksheet 'ProductAttributes'!
2019-01-18 14:20:45 - PHP Unknown:  The Twig_Autoloader class is deprecated since version 1.21 and will be removed in 2.0. Use Composer instead. in C:\wamp\www\occr\system\library\template\Twig\Autoloader.php on line 12
2019-01-18 14:20:45 - PHP Unknown:  Using Twig_Autoloader is deprecated since version 1.21. Use Composer instead. in C:\wamp\www\occr\system\library\template\Twig\Autoloader.php on line 30
2019-01-18 14:20:45 - PHP Unknown:  Using Twig_Autoloader is deprecated since version 1.21. Use Composer instead. in C:\wamp\www\occr\system\library\template\Twig\Autoloader.php on line 30
2019-01-18 14:20:45 - PHP Unknown:  Using Twig_Autoloader is deprecated since version 1.21. Use Composer instead. in C:\wamp\www\occr\system\library\template\Twig\Autoloader.php on line 30
2019-01-18 14:20:45 - PHP Unknown:  Using Twig_Autoloader is deprecated since version 1.21. Use Composer instead. in C:\wamp\www\occr\system\library\template\Twig\Autoloader.php on line 30
2019-01-19 20:05:28 - PHP Warning:  Illegal string offset 'name' in C:\wamp\www\occr\admin\model\catalog\filter.php on line 9
2019-01-23 8:57:13 - PHP Warning:  mail(): Failed to connect to mailserver at &quot;localhost&quot; port 25, verify your &quot;SMTP&quot; and &quot;smtp_port&quot; setting in php.ini or use ini_set() in C:\wamp\www\occr\system\library\mail\mail.php on line 77
2019-01-23 9:03:24 - PHP Warning:  mail(): Failed to connect to mailserver at &quot;localhost&quot; port 25, verify your &quot;SMTP&quot; and &quot;smtp_port&quot; setting in php.ini or use ini_set() in C:\wamp\www\occr\system\library\mail\mail.php on line 77
2019-01-23 9:05:04 - PHP Warning:  mail(): Failed to connect to mailserver at &quot;localhost&quot; port 25, verify your &quot;SMTP&quot; and &quot;smtp_port&quot; setting in php.ini or use ini_set() in C:\wamp\www\occr\system\library\mail\mail.php on line 77
2019-01-23 9:08:26 - PHP Warning:  mail(): Failed to connect to mailserver at &quot;localhost&quot; port 25, verify your &quot;SMTP&quot; and &quot;smtp_port&quot; setting in php.ini or use ini_set() in C:\wamp\www\occr\system\library\mail\mail.php on line 77
2019-01-23 9:16:25 - PHP Warning:  mail(): Failed to connect to mailserver at &quot;localhost&quot; port 25, verify your &quot;SMTP&quot; and &quot;smtp_port&quot; setting in php.ini or use ini_set() in C:\wamp\www\occr\system\library\mail\mail.php on line 77
2019-01-23 9:34:03 - PHP Warning:  mail(): Failed to connect to mailserver at &quot;localhost&quot; port 25, verify your &quot;SMTP&quot; and &quot;smtp_port&quot; setting in php.ini or use ini_set() in C:\wamp\www\occr\system\library\mail\mail.php on line 77
2019-01-23 9:38:17 - PHP Warning:  mail(): Failed to connect to mailserver at &quot;localhost&quot; port 25, verify your &quot;SMTP&quot; and &quot;smtp_port&quot; setting in php.ini or use ini_set() in C:\wamp\www\occr\system\library\mail\mail.php on line 77
2019-01-23 9:38:17 - PHP Notice:  Undefined variable: messageio in C:\wamp\www\occr\catalog\controller\information\contact.php on line 202
2019-01-23 9:39:08 - PHP Warning:  mail(): Failed to connect to mailserver at &quot;localhost&quot; port 25, verify your &quot;SMTP&quot; and &quot;smtp_port&quot; setting in php.ini or use ini_set() in C:\wamp\www\occr\system\library\mail\mail.php on line 77
2019-01-23 9:39:08 - PHP Notice:  Undefined variable: messageio in C:\wamp\www\occr\catalog\controller\information\contact.php on line 202
2019-01-23 9:40:12 - PHP Warning:  mail(): Failed to connect to mailserver at &quot;localhost&quot; port 25, verify your &quot;SMTP&quot; and &quot;smtp_port&quot; setting in php.ini or use ini_set() in C:\wamp\www\occr\system\library\mail\mail.php on line 77
2019-01-23 9:41:00 - PHP Warning:  mail(): Failed to connect to mailserver at &quot;localhost&quot; port 25, verify your &quot;SMTP&quot; and &quot;smtp_port&quot; setting in php.ini or use ini_set() in C:\wamp\www\occr\system\library\mail\mail.php on line 77
2019-01-23 9:42:17 - PHP Warning:  mail(): Failed to connect to mailserver at &quot;localhost&quot; port 25, verify your &quot;SMTP&quot; and &quot;smtp_port&quot; setting in php.ini or use ini_set() in C:\wamp\www\occr\system\library\mail\mail.php on line 77
2019-01-23 9:58:59 - PHP Notice:  Undefined index: email in C:\wamp\www\occr\catalog\controller\information\contact.php on line 152
2019-01-23 10:00:30 - PHP Notice:  Undefined index: email in C:\wamp\www\occr\catalog\controller\information\contact.php on line 157
2019-01-23 10:00:47 - PHP Notice:  Undefined index: email in C:\wamp\www\occr\catalog\controller\information\contact.php on line 157
2019-01-23 10:01:07 - PHP Notice:  Undefined index: email in C:\wamp\www\occr\catalog\controller\information\contact.php on line 157
2019-01-23 10:02:03 - PHP Notice:  Undefined index: email in C:\wamp\www\occr\catalog\controller\information\contact.php on line 157
2019-01-23 10:02:17 - PHP Notice:  Undefined index: email in C:\wamp\www\occr\catalog\controller\information\contact.php on line 157
2019-01-23 10:06:11 - PHP Notice:  Undefined index: email in C:\wamp\www\occr\catalog\controller\information\contact.php on line 21
2019-01-23 10:06:12 - PHP Warning:  mail(): Failed to connect to mailserver at &quot;localhost&quot; port 25, verify your &quot;SMTP&quot; and &quot;smtp_port&quot; setting in php.ini or use ini_set() in C:\wamp\www\occr\system\library\mail\mail.php on line 77
2019-01-23 10:08:26 - PHP Notice:  Undefined index: email in C:\wamp\www\occr\catalog\controller\information\contact.php on line 21
2019-01-23 10:08:27 - PHP Warning:  mail(): Failed to connect to mailserver at &quot;localhost&quot; port 25, verify your &quot;SMTP&quot; and &quot;smtp_port&quot; setting in php.ini or use ini_set() in C:\wamp\www\occr\system\library\mail\mail.php on line 77
2019-01-23 14:04:47 - PHP Notice:  Undefined index: email in C:\wamp\www\occr\catalog\controller\information\contact.php on line 21
2019-01-23 14:04:48 - PHP Warning:  mail(): Failed to connect to mailserver at &quot;localhost&quot; port 25, verify your &quot;SMTP&quot; and &quot;smtp_port&quot; setting in php.ini or use ini_set() in C:\wamp\www\occr\system\library\mail\mail.php on line 77
